This is pdfTeX, Version 3.14159265-2.6-1.40.21 (TeX Live 2020) (preloaded format=pdflatex 2020.4.19)  3 JUN 2020 15:02
entering extended mode
 restricted \write18 enabled.
 %&-line parsing enabled.
**Regression-Analysis-at-PHU-level.tex
(./Regression-Analysis-at-PHU-level.tex
LaTeX2e <2020-02-02> patch level 5
L3 programming layer <2020-04-06> (/Users/Sofia/Library/TinyTeX/texmf-dist/tex/
latex/base/article.cls
Document Class: article 2019/12/20 v1.4l Standard LaTeX document class
(/Users/Sofia/Library/TinyTeX/texmf-dist/tex/latex/base/size10.clo
File: size10.clo 2019/12/20 v1.4l Standard LaTeX file (size option)
)
\c@part=\count167
\c@section=\count168
\c@subsection=\count169
\c@subsubsection=\count170
\c@paragraph=\count171
\c@subparagraph=\count172
\c@figure=\count173
\c@table=\count174
\abovecaptionskip=\skip47
\belowcaptionskip=\skip48
\bibindent=\dimen134
) (/Users/Sofia/Library/TinyTeX/texmf-dist/tex/latex/lm/lmodern.sty
Package: lmodern 2009/10/30 v1.6 Latin Modern Fonts
LaTeX Font Info:    Overwriting symbol font `operators' in version `normal'
(Font)                  OT1/cmr/m/n --> OT1/lmr/m/n on input line 22.
LaTeX Font Info:    Overwriting symbol font `letters' in version `normal'
(Font)                  OML/cmm/m/it --> OML/lmm/m/it on input line 23.
LaTeX Font Info:    Overwriting symbol font `symbols' in version `normal'
(Font)                  OMS/cmsy/m/n --> OMS/lmsy/m/n on input line 24.
LaTeX Font Info:    Overwriting symbol font `largesymbols' in version `normal'
(Font)                  OMX/cmex/m/n --> OMX/lmex/m/n on input line 25.
LaTeX Font Info:    Overwriting symbol font `operators' in version `bold'
(Font)                  OT1/cmr/bx/n --> OT1/lmr/bx/n on input line 26.
LaTeX Font Info:    Overwriting symbol font `letters' in version `bold'
(Font)                  OML/cmm/b/it --> OML/lmm/b/it on input line 27.
LaTeX Font Info:    Overwriting symbol font `symbols' in version `bold'
(Font)                  OMS/cmsy/b/n --> OMS/lmsy/b/n on input line 28.
LaTeX Font Info:    Overwriting symbol font `largesymbols' in version `bold'
(Font)                  OMX/cmex/m/n --> OMX/lmex/m/n on input line 29.
LaTeX Font Info:    Overwriting math alphabet `\mathbf' in version `normal'
(Font)                  OT1/cmr/bx/n --> OT1/lmr/bx/n on input line 31.
LaTeX Font Info:    Overwriting math alphabet `\mathsf' in version `normal'
(Font)                  OT1/cmss/m/n --> OT1/lmss/m/n on input line 32.
LaTeX Font Info:    Overwriting math alphabet `\mathit' in version `normal'
(Font)                  OT1/cmr/m/it --> OT1/lmr/m/it on input line 33.
LaTeX Font Info:    Overwriting math alphabet `\mathtt' in version `normal'
(Font)                  OT1/cmtt/m/n --> OT1/lmtt/m/n on input line 34.
LaTeX Font Info:    Overwriting math alphabet `\mathbf' in version `bold'
(Font)                  OT1/cmr/bx/n --> OT1/lmr/bx/n on input line 35.
LaTeX Font Info:    Overwriting math alphabet `\mathsf' in version `bold'
(Font)                  OT1/cmss/bx/n --> OT1/lmss/bx/n on input line 36.
LaTeX Font Info:    Overwriting math alphabet `\mathit' in version `bold'
(Font)                  OT1/cmr/bx/it --> OT1/lmr/bx/it on input line 37.
LaTeX Font Info:    Overwriting math alphabet `\mathtt' in version `bold'
(Font)                  OT1/cmtt/m/n --> OT1/lmtt/m/n on input line 38.
) (/Users/Sofia/Library/TinyTeX/texmf-dist/tex/latex/amsfonts/amssymb.sty
Package: amssymb 2013/01/14 v3.01 AMS font symbols
(/Users/Sofia/Library/TinyTeX/texmf-dist/tex/latex/amsfonts/amsfonts.sty
Package: amsfonts 2013/01/14 v3.01 Basic AMSFonts support
\@emptytoks=\toks15
\symAMSa=\mathgroup4
\symAMSb=\mathgroup5
LaTeX Font Info:    Redeclaring math symbol \hbar on input line 98.
LaTeX Font Info:    Overwriting math alphabet `\mathfrak' in version `bold'
(Font)                  U/euf/m/n --> U/euf/b/n on input line 106.
)) (/Users/Sofia/Library/TinyTeX/texmf-dist/tex/latex/amsmath/amsmath.sty
Package: amsmath 2020/01/20 v2.17e AMS math features
\@mathmargin=\skip49
For additional information on amsmath, use the `?' option.
(/Users/Sofia/Library/TinyTeX/texmf-dist/tex/latex/amsmath/amstext.sty
Package: amstext 2000/06/29 v2.01 AMS text
(/Users/Sofia/Library/TinyTeX/texmf-dist/tex/latex/amsmath/amsgen.sty
File: amsgen.sty 1999/11/30 v2.0 generic functions
\@emptytoks=\toks16
\ex@=\dimen135
)) (/Users/Sofia/Library/TinyTeX/texmf-dist/tex/latex/amsmath/amsbsy.sty
Package: amsbsy 1999/11/29 v1.2d Bold Symbols
\pmbraise@=\dimen136
) (/Users/Sofia/Library/TinyTeX/texmf-dist/tex/latex/amsmath/amsopn.sty
Package: amsopn 2016/03/08 v2.02 operator names
)
\inf@bad=\count175
LaTeX Info: Redefining \frac on input line 227.
\uproot@=\count176
\leftroot@=\count177
LaTeX Info: Redefining \overline on input line 389.
\classnum@=\count178
\DOTSCASE@=\count179
LaTeX Info: Redefining \ldots on input line 486.
LaTeX Info: Redefining \dots on input line 489.
LaTeX Info: Redefining \cdots on input line 610.
\Mathstrutbox@=\box45
\strutbox@=\box46
\big@size=\dimen137
LaTeX Font Info:    Redeclaring font encoding OML on input line 733.
LaTeX Font Info:    Redeclaring font encoding OMS on input line 734.
\macc@depth=\count180
\c@MaxMatrixCols=\count181
\dotsspace@=\muskip16
\c@parentequation=\count182
\dspbrk@lvl=\count183
\tag@help=\toks17
\row@=\count184
\column@=\count185
\maxfields@=\count186
\andhelp@=\toks18
\eqnshift@=\dimen138
\alignsep@=\dimen139
\tagshift@=\dimen140
\tagwidth@=\dimen141
\totwidth@=\dimen142
\lineht@=\dimen143
\@envbody=\toks19
\multlinegap=\skip50
\multlinetaggap=\skip51
\mathdisplay@stack=\toks20
LaTeX Info: Redefining \[ on input line 2859.
LaTeX Info: Redefining \] on input line 2860.
) (/Users/Sofia/Library/TinyTeX/texmf-dist/tex/generic/iftex/ifxetex.sty
Package: ifxetex 2019/10/25 v0.7 ifxetex legacy package. Use iftex instead.
(/Users/Sofia/Library/TinyTeX/texmf-dist/tex/generic/iftex/iftex.sty
Package: iftex 2020/03/06 v1.0d TeX engine tests
)) (/Users/Sofia/Library/TinyTeX/texmf-dist/tex/generic/iftex/ifluatex.sty
Package: ifluatex 2019/10/25 v1.5 ifluatex legacy package. Use iftex instead.
) (/Users/Sofia/Library/TinyTeX/texmf-dist/tex/latex/base/fixltx2e.sty
Package: fixltx2e 2016/12/29 v2.1a fixes to LaTeX (obsolete)
Applying: [2015/01/01] Old fixltx2e package on input line 46.

Package fixltx2e Warning: fixltx2e is not required with releases after 2015
(fixltx2e)                All fixes are now in the LaTeX kernel.
(fixltx2e)                See the latexrelease package for details.

Already applied: [0000/00/00] Old fixltx2e package on input line 53.
) (/Users/Sofia/Library/TinyTeX/texmf-dist/tex/latex/base/fontenc.sty
Package: fontenc 2020/02/11 v2.0o Standard LaTeX package
LaTeX Font Info:    Trying to load font information for T1+lmr on input line 11
2.
(/Users/Sofia/Library/TinyTeX/texmf-dist/tex/latex/lm/t1lmr.fd
File: t1lmr.fd 2009/10/30 v1.6 Font defs for Latin Modern
)) (/Users/Sofia/Library/TinyTeX/texmf-dist/tex/latex/base/inputenc.sty
Package: inputenc 2018/08/11 v1.3c Input encoding file
\inpenc@prehook=\toks21
\inpenc@posthook=\toks22
) (/Users/Sofia/Library/TinyTeX/texmf-dist/tex/latex/upquote/upquote.sty
Package: upquote 2012/04/19 v1.3 upright-quote and grave-accent glyphs in verba
tim
(/Users/Sofia/Library/TinyTeX/texmf-dist/tex/latex/base/textcomp.sty
Package: textcomp 2020/02/02 v2.0n Standard LaTeX package
)) (/Users/Sofia/Library/TinyTeX/texmf-dist/tex/latex/geometry/geometry.sty
Package: geometry 2020/01/02 v5.9 Page Geometry
(/Users/Sofia/Library/TinyTeX/texmf-dist/tex/latex/graphics/keyval.sty
Package: keyval 2014/10/28 v1.15 key=value parser (DPC)
\KV@toks@=\toks23
) (/Users/Sofia/Library/TinyTeX/texmf-dist/tex/generic/iftex/ifvtex.sty
Package: ifvtex 2019/10/25 v1.7 ifvtex legacy package. Use iftex instead.
)
\Gm@cnth=\count187
\Gm@cntv=\count188
\c@Gm@tempcnt=\count189
\Gm@bindingoffset=\dimen144
\Gm@wd@mp=\dimen145
\Gm@odd@mp=\dimen146
\Gm@even@mp=\dimen147
\Gm@layoutwidth=\dimen148
\Gm@layoutheight=\dimen149
\Gm@layouthoffset=\dimen150
\Gm@layoutvoffset=\dimen151
\Gm@dimlist=\toks24
) (/Users/Sofia/Library/TinyTeX/texmf-dist/tex/latex/hyperref/hyperref.sty
Package: hyperref 2020/01/14 v7.00d Hypertext links for LaTeX
(/Users/Sofia/Library/TinyTeX/texmf-dist/tex/generic/ltxcmds/ltxcmds.sty
Package: ltxcmds 2019/12/15 v1.24 LaTeX kernel commands for general use (HO)
) (/Users/Sofia/Library/TinyTeX/texmf-dist/tex/latex/pdftexcmds/pdftexcmds.sty
Package: pdftexcmds 2019/11/24 v0.31 Utility functions of pdfTeX for LuaTeX (HO
)
(/Users/Sofia/Library/TinyTeX/texmf-dist/tex/generic/infwarerr/infwarerr.sty
Package: infwarerr 2019/12/03 v1.5 Providing info/warning/error messages (HO)
)
Package pdftexcmds Info: \pdf@primitive is available.
Package pdftexcmds Info: \pdf@ifprimitive is available.
Package pdftexcmds Info: \pdfdraftmode found.
) (/Users/Sofia/Library/TinyTeX/texmf-dist/tex/generic/kvsetkeys/kvsetkeys.sty
Package: kvsetkeys 2019/12/15 v1.18 Key value parser (HO)
)
(/Users/Sofia/Library/TinyTeX/texmf-dist/tex/generic/kvdefinekeys/kvdefinekeys.
sty
Package: kvdefinekeys 2019-12-19 v1.6 Define keys (HO)
) (/Users/Sofia/Library/TinyTeX/texmf-dist/tex/generic/pdfescape/pdfescape.sty
Package: pdfescape 2019/12/09 v1.15 Implements pdfTeX's escape features (HO)
) (/Users/Sofia/Library/TinyTeX/texmf-dist/tex/latex/hycolor/hycolor.sty
Package: hycolor 2020-01-27 v1.10 Color options for hyperref/bookmark (HO)
) (/Users/Sofia/Library/TinyTeX/texmf-dist/tex/latex/letltxmacro/letltxmacro.st
y
Package: letltxmacro 2019/12/03 v1.6 Let assignment for LaTeX macros (HO)
) (/Users/Sofia/Library/TinyTeX/texmf-dist/tex/latex/auxhook/auxhook.sty
Package: auxhook 2019-12-17 v1.6 Hooks for auxiliary files (HO)
) (/Users/Sofia/Library/TinyTeX/texmf-dist/tex/latex/kvoptions/kvoptions.sty
Package: kvoptions 2019/11/29 v3.13 Key value format for package options (HO)
)
\@linkdim=\dimen152
\Hy@linkcounter=\count190
\Hy@pagecounter=\count191
(/Users/Sofia/Library/TinyTeX/texmf-dist/tex/latex/hyperref/pd1enc.def
File: pd1enc.def 2020/01/14 v7.00d Hyperref: PDFDocEncoding definition (HO)
Now handling font encoding PD1 ...
... no UTF-8 mapping file for font encoding PD1
) (/Users/Sofia/Library/TinyTeX/texmf-dist/tex/generic/intcalc/intcalc.sty
Package: intcalc 2019/12/15 v1.3 Expandable calculations with integers (HO)
) (/Users/Sofia/Library/TinyTeX/texmf-dist/tex/generic/etexcmds/etexcmds.sty
Package: etexcmds 2019/12/15 v1.7 Avoid name clashes with e-TeX commands (HO)
)
\Hy@SavedSpaceFactor=\count192
Package hyperref Info: Hyper figures OFF on input line 4547.
Package hyperref Info: Link nesting OFF on input line 4552.
Package hyperref Info: Hyper index ON on input line 4555.
Package hyperref Info: Plain pages OFF on input line 4562.
Package hyperref Info: Backreferencing OFF on input line 4567.
Package hyperref Info: Implicit mode ON; LaTeX internals redefined.
Package hyperref Info: Bookmarks ON on input line 4800.
\c@Hy@tempcnt=\count193
(/Users/Sofia/Library/TinyTeX/texmf-dist/tex/latex/url/url.sty
\Urlmuskip=\muskip17
Package: url 2013/09/16  ver 3.4  Verb mode for urls, etc.
)
LaTeX Info: Redefining \url on input line 5159.
\XeTeXLinkMargin=\dimen153
(/Users/Sofia/Library/TinyTeX/texmf-dist/tex/generic/bitset/bitset.sty
Package: bitset 2019/12/09 v1.3 Handle bit-vector datatype (HO)
(/Users/Sofia/Library/TinyTeX/texmf-dist/tex/generic/bigintcalc/bigintcalc.sty
Package: bigintcalc 2019/12/15 v1.5 Expandable calculations on big integers (HO
)
))
\Fld@menulength=\count194
\Field@Width=\dimen154
\Fld@charsize=\dimen155
Package hyperref Info: Hyper figures OFF on input line 6430.
Package hyperref Info: Link nesting OFF on input line 6435.
Package hyperref Info: Hyper index ON on input line 6438.
Package hyperref Info: backreferencing OFF on input line 6445.
Package hyperref Info: Link coloring OFF on input line 6450.
Package hyperref Info: Link coloring with OCG OFF on input line 6455.
Package hyperref Info: PDF/A mode OFF on input line 6460.
LaTeX Info: Redefining \ref on input line 6500.
LaTeX Info: Redefining \pageref on input line 6504.
(/Users/Sofia/Library/TinyTeX/texmf-dist/tex/generic/atbegshi/atbegshi.sty
Package: atbegshi 2019/12/05 v1.19 At begin shipout hook (HO)
)
\Hy@abspage=\count195
\c@Item=\count196
\c@Hfootnote=\count197
)
Package hyperref Info: Driver (autodetected): hpdftex.
(/Users/Sofia/Library/TinyTeX/texmf-dist/tex/latex/hyperref/hpdftex.def
File: hpdftex.def 2020/01/14 v7.00d Hyperref driver for pdfTeX
(/Users/Sofia/Library/TinyTeX/texmf-dist/tex/latex/atveryend/atveryend.sty
Package: atveryend 2019-12-11 v1.11 Hooks at the very end of document (HO)
Package atveryend Info: \enddocument detected (standard20110627).
)
\Fld@listcount=\count198
\c@bookmark@seq@number=\count199

(/Users/Sofia/Library/TinyTeX/texmf-dist/tex/latex/rerunfilecheck/rerunfilechec
k.sty
Package: rerunfilecheck 2019/12/05 v1.9 Rerun checks for auxiliary files (HO)

(/Users/Sofia/Library/TinyTeX/texmf-dist/tex/generic/uniquecounter/uniquecounte
r.sty
Package: uniquecounter 2019/12/15 v1.4 Provide unlimited unique counter (HO)
)
Package uniquecounter Info: New unique counter `rerunfilecheck' on input line 2
86.
)
\Hy@SectionHShift=\skip52
)
Package hyperref Info: Option `unicode' set `true' on input line 30.
(/Users/Sofia/Library/TinyTeX/texmf-dist/tex/latex/hyperref/puenc.def
File: puenc.def 2020/01/14 v7.00d Hyperref: PDF Unicode definition (HO)
Now handling font encoding PU ...
... no UTF-8 mapping file for font encoding PU
)
Package hyperref Info: Option `breaklinks' set `true' on input line 30.
(/Users/Sofia/Library/TinyTeX/texmf-dist/tex/latex/graphics/color.sty
Package: color 2019/11/23 v1.2a Standard LaTeX Color (DPC)
(/Users/Sofia/Library/TinyTeX/texmf-dist/tex/latex/graphics-cfg/color.cfg
File: color.cfg 2016/01/02 v1.6 sample color configuration
)
Package color Info: Driver file: pdftex.def on input line 147.
(/Users/Sofia/Library/TinyTeX/texmf-dist/tex/latex/graphics-def/pdftex.def
File: pdftex.def 2018/01/08 v1.0l Graphics/color driver for pdftex
)) (/Users/Sofia/Library/TinyTeX/texmf-dist/tex/latex/fancyvrb/fancyvrb.sty
Package: fancyvrb 2020/01/13 v3.5 verbatim text (tvz,hv)
\FV@CodeLineNo=\count266
\FV@InFile=\read2
\FV@TabBox=\box47
\c@FancyVerbLine=\count267
\FV@StepNumber=\count268
\FV@OutFile=\write3
) (/Users/Sofia/Library/TinyTeX/texmf-dist/tex/latex/framed/framed.sty
Package: framed 2011/10/22 v 0.96: framed or shaded text with page breaks
\OuterFrameSep=\skip53
\fb@frw=\dimen156
\fb@frh=\dimen157
\FrameRule=\dimen158
\FrameSep=\dimen159
) (/Users/Sofia/Library/TinyTeX/texmf-dist/tex/latex/graphics/graphicx.sty
Package: graphicx 2019/11/30 v1.2a Enhanced LaTeX Graphics (DPC,SPQR)
(/Users/Sofia/Library/TinyTeX/texmf-dist/tex/latex/graphics/graphics.sty
Package: graphics 2019/11/30 v1.4a Standard LaTeX Graphics (DPC,SPQR)
(/Users/Sofia/Library/TinyTeX/texmf-dist/tex/latex/graphics/trig.sty
Package: trig 2016/01/03 v1.10 sin cos tan (DPC)
) (/Users/Sofia/Library/TinyTeX/texmf-dist/tex/latex/graphics-cfg/graphics.cfg
File: graphics.cfg 2016/06/04 v1.11 sample graphics configuration
)
Package graphics Info: Driver file: pdftex.def on input line 105.
)
\Gin@req@height=\dimen160
\Gin@req@width=\dimen161
) (/Users/Sofia/Library/TinyTeX/texmf-dist/tex/latex/grffile/grffile.sty
Package: grffile 2019/11/11 v2.1 Extended file name support for graphics (legac
y)
Package grffile Info: This package is an empty stub for compatibility on input 
line 40.
) (/Users/Sofia/Library/TinyTeX/texmf-dist/tex/latex/titling/titling.sty
Package: titling 2009/09/04 v2.1d maketitle typesetting
\thanksmarkwidth=\skip54
\thanksmargin=\skip55
\droptitle=\skip56
)
(/Users/Sofia/Library/TinyTeX/texmf-dist/tex/latex/l3backend/l3backend-pdfmode.
def
File: l3backend-pdfmode.def 2020-03-12 L3 backend support: PDF mode
\l__kernel_color_stack_int=\count269
\l__pdf_internal_box=\box48
)
No file Regression-Analysis-at-PHU-level.aux.
\openout1 = `Regression-Analysis-at-PHU-level.aux'.

LaTeX Font Info:    Checking defaults for OML/cmm/m/it on input line 128.
LaTeX Font Info:    ... okay on input line 128.
LaTeX Font Info:    Checking defaults for OMS/cmsy/m/n on input line 128.
LaTeX Font Info:    ... okay on input line 128.
LaTeX Font Info:    Checking defaults for OT1/cmr/m/n on input line 128.
LaTeX Font Info:    ... okay on input line 128.
LaTeX Font Info:    Checking defaults for T1/cmr/m/n on input line 128.
LaTeX Font Info:    ... okay on input line 128.
LaTeX Font Info:    Checking defaults for TS1/cmr/m/n on input line 128.
LaTeX Font Info:    ... okay on input line 128.
LaTeX Font Info:    Checking defaults for OMX/cmex/m/n on input line 128.
LaTeX Font Info:    ... okay on input line 128.
LaTeX Font Info:    Checking defaults for U/cmr/m/n on input line 128.
LaTeX Font Info:    ... okay on input line 128.
LaTeX Font Info:    Checking defaults for PD1/pdf/m/n on input line 128.
LaTeX Font Info:    ... okay on input line 128.
LaTeX Font Info:    Checking defaults for PU/pdf/m/n on input line 128.
LaTeX Font Info:    ... okay on input line 128.
*geometry* driver: auto-detecting
*geometry* detected driver: pdftex
*geometry* verbose mode - [ preamble ] result:
* driver: pdftex
* paper: <default>
* layout: <same size as paper>
* layoutoffset:(h,v)=(0.0pt,0.0pt)
* modes: 
* h-part:(L,W,R)=(72.26999pt, 469.75502pt, 72.26999pt)
* v-part:(T,H,B)=(72.26999pt, 650.43001pt, 72.26999pt)
* \paperwidth=614.295pt
* \paperheight=794.96999pt
* \textwidth=469.75502pt
* \textheight=650.43001pt
* \oddsidemargin=0.0pt
* \evensidemargin=0.0pt
* \topmargin=-37.0pt
* \headheight=12.0pt
* \headsep=25.0pt
* \topskip=10.0pt
* \footskip=30.0pt
* \marginparwidth=65.0pt
* \marginparsep=11.0pt
* \columnsep=10.0pt
* \skip\footins=9.0pt plus 4.0pt minus 2.0pt
* \hoffset=0.0pt
* \voffset=0.0pt
* \mag=1000
* \@twocolumnfalse
* \@twosidefalse
* \@mparswitchfalse
* \@reversemarginfalse
* (1in=72.27pt=25.4mm, 1cm=28.453pt)

\AtBeginShipoutBox=\box49
Package hyperref Info: Link coloring OFF on input line 128.
(/Users/Sofia/Library/TinyTeX/texmf-dist/tex/latex/hyperref/nameref.sty
Package: nameref 2019/09/16 v2.46 Cross-referencing by name of section
(/Users/Sofia/Library/TinyTeX/texmf-dist/tex/latex/refcount/refcount.sty
Package: refcount 2019/12/15 v3.6 Data extraction from label references (HO)
)
(/Users/Sofia/Library/TinyTeX/texmf-dist/tex/generic/gettitlestring/gettitlestr
ing.sty
Package: gettitlestring 2019/12/15 v1.6 Cleanup title references (HO)
)
\c@section@level=\count270
)
LaTeX Info: Redefining \ref on input line 128.
LaTeX Info: Redefining \pageref on input line 128.
LaTeX Info: Redefining \nameref on input line 128.
\@outlinefile=\write4
\openout4 = `Regression-Analysis-at-PHU-level.out'.


(/Users/Sofia/Library/TinyTeX/texmf-dist/tex/latex/epstopdf-pkg/epstopdf-base.s
ty
Package: epstopdf-base 2020-01-24 v2.11 Base part for package epstopdf
Package epstopdf-base Info: Redefining graphics rule for `.eps' on input line 4
85.

(/Users/Sofia/Library/TinyTeX/texmf-dist/tex/latex/latexconfig/epstopdf-sys.cfg
File: epstopdf-sys.cfg 2010/07/13 v1.3 Configuration of (r)epstopdf for TeX Liv
e
))
LaTeX Font Info:    Trying to load font information for T1+lmtt on input line 1
34.
(/Users/Sofia/Library/TinyTeX/texmf-dist/tex/latex/lm/t1lmtt.fd
File: t1lmtt.fd 2009/10/30 v1.6 Font defs for Latin Modern
)
LaTeX Font Info:    Font shape `T1/lmtt/bx/n' in size <10> not available
(Font)              Font shape `T1/lmtt/b/n' tried instead on input line 136.
LaTeX Font Info:    Trying to load font information for TS1+lmtt on input line 
178.
(/Users/Sofia/Library/TinyTeX/texmf-dist/tex/latex/lm/ts1lmtt.fd
File: ts1lmtt.fd 2009/10/30 v1.6 Font defs for Latin Modern
)
Overfull \hbox (39.4935pt too wide) in paragraph at lines 178--178
[]\T1/lmtt/m/n/10 ##  $ DGUID             : Factor w/ 36 levels "2017A00073526"
,..: 35 36 8 20 22 32 11 23 3 30 ...[] 
 []


Overfull \hbox (81.49338pt too wide) in paragraph at lines 178--178
[]\T1/lmtt/m/n/10 ##  $ DBPOP             : int  1131052 2694831 561949 936763 
1388271 534525 61222 77366 655838 149563 ...[] 
 []


Overfull \hbox (102.49332pt too wide) in paragraph at lines 178--178
[]\T1/lmtt/m/n/10 ##  $ Reporting_PHU     : Factor w/ 34 levels "Algoma Public 
Health Unit",..: 34 31 9 20 21 24 12 12 4 29 ...[] 
 []


Overfull \hbox (2.7436pt too wide) in paragraph at lines 178--178
[]\T1/lmtt/m/n/10 ##  $ copd.percent      : Factor w/ 28 levels "2.0 %","2.2 %"
,..: 1 2 3 4 5 6 7 16 8 9 ...[] 
 []


Overfull \hbox (44.74348pt too wide) in paragraph at lines 178--178
[]\T1/lmtt/m/n/10 ##  $ asthma.percent    : Factor w/ 28 levels "10.2 %","10.3 
%",..: 10 20 16 1 12 16 2 4 27 23 ...[] 
 []


Overfull \hbox (39.4935pt too wide) in paragraph at lines 178--178
[]\T1/lmtt/m/n/10 ##  $ hbp.percent       : Factor w/ 35 levels "13.5 %","15.8 
%",..: 9 2 10 1 15 12 25 16 4 30 ...[] 
 []


Overfull \hbox (28.99353pt too wide) in paragraph at lines 178--178
[]\T1/lmtt/m/n/10 ##  $ smokers.percent   : Factor w/ 33 levels "10.5 %","11.7 
%",..: 1 5 2 4 3 11 17 16 9 15 ...[] 
 []


Overfull \hbox (181.24309pt too wide) in paragraph at lines 178--178
[]\T1/lmtt/m/n/10 ##  $ Census            : int  14570000 14570000 14570000 145
70000 14570000 14570000 14570000 14570000 14570000 14570000 ...[] 
 []


Overfull \hbox (91.99335pt too wide) in paragraph at lines 178--178
[]\T1/lmtt/m/n/10 ##  $ Location          : Factor w/ 36 levels "Brant County H
ealth Unit",..: 36 5 11 4 22 33 13 23 6 31 ...[] 
 []


Overfull \hbox (76.2434pt too wide) in paragraph at lines 178--178
[]\T1/lmtt/m/n/10 ##  $ prox_idx_emp      : num  0.0337 0.0939 0.0307 0.0243 0.
0496 0.0282 0.0009 0.0052 0.0257 0.0097 ...[] 
 []


Overfull \hbox (76.2434pt too wide) in paragraph at lines 178--178
[]\T1/lmtt/m/n/10 ##  $ prox_idx_health   : num  0.0082 0.0222 0.0099 0.0072 0.
0076 0.0045 0.0061 0.0112 0.0075 0.0058 ...[] 
 []


Overfull \hbox (70.99341pt too wide) in paragraph at lines 178--178
[]\T1/lmtt/m/n/10 ##  $ prox_idx_grocery  : num  0.0322 0.0663 0.0341 0.0447 0.
0365 0.0374 0.038 0.0341 0.0359 0.0363 ...[] 
 []


Overfull \hbox (76.2434pt too wide) in paragraph at lines 178--178
[]\T1/lmtt/m/n/10 ##  $ prox_idx_lib      : num  0.0666 0.0934 0.0641 0.0714 0.
0659 0.0778 0.0934 0.0814 0.0693 0.0778 ...[] 
 []


Overfull \hbox (28.99353pt too wide) in paragraph at lines 178--178
[]\T1/lmtt/m/n/10 ##  $ prox_idx_transit  : num  0.0056 0.0348 0.0054 0.0146 0.
0032 0.0076 NA NA 0.005 0.0088 ...[] 
 []

[1

{/Users/Sofia/Library/TinyTeX/texmf-var/fonts/map/pdftex/updmap/pdftex.map}]
Overfull \hbox (39.4935pt too wide) in paragraph at lines 225--225
[]\T1/lmtt/m/n/10 ##  $ DGUID             : Factor w/ 36 levels "2017A00073526"
,..: 35 36 8 20 22 32 11 23 3 30 ...[] 
 []


Overfull \hbox (81.49338pt too wide) in paragraph at lines 225--225
[]\T1/lmtt/m/n/10 ##  $ DBPOP             : int  1131052 2694831 561949 936763 
1388271 534525 61222 77366 655838 149563 ...[] 
 []


Overfull \hbox (102.49332pt too wide) in paragraph at lines 225--225
[]\T1/lmtt/m/n/10 ##  $ Reporting_PHU     : Factor w/ 34 levels "Algoma Public 
Health Unit",..: 34 31 9 20 21 24 12 12 4 29 ...[] 
 []


Overfull \hbox (18.49356pt too wide) in paragraph at lines 225--225
[]\T1/lmtt/m/n/10 ##  $ copd.percent      : num  0.02 0.022 0.027 0.029 0.032 0
.033 0.034 0.055 0.041 0.043 ...[] 
 []


Overfull \hbox (13.24358pt too wide) in paragraph at lines 225--225
[]\T1/lmtt/m/n/10 ##  $ asthma.percent    : num  0.051 0.078 0.069 0.102 0.06 0
.069 0.103 0.11 0.094 0.083 ...[] 
 []


Overfull \hbox (18.49356pt too wide) in paragraph at lines 225--225
[]\T1/lmtt/m/n/10 ##  $ hbp.percent       : num  0.176 0.158 0.178 0.135 0.185 
0.18 0.217 0.189 0.166 0.233 ...[] 
 []


Overfull \hbox (23.74355pt too wide) in paragraph at lines 225--225
[]\T1/lmtt/m/n/10 ##  $ smokers.percent   : num  0.105 0.133 0.117 0.128 0.125 
0.165 0.187 0.185 0.152 0.183 ...[] 
 []


Overfull \hbox (181.24309pt too wide) in paragraph at lines 225--225
[]\T1/lmtt/m/n/10 ##  $ Census            : int  14570000 14570000 14570000 145
70000 14570000 14570000 14570000 14570000 14570000 14570000 ...[] 
 []


Overfull \hbox (91.99335pt too wide) in paragraph at lines 225--225
[]\T1/lmtt/m/n/10 ##  $ Location          : Factor w/ 36 levels "Brant County H
ealth Unit",..: 36 5 11 4 22 33 13 23 6 31 ...[] 
 []


Overfull \hbox (76.2434pt too wide) in paragraph at lines 225--225
[]\T1/lmtt/m/n/10 ##  $ prox_idx_emp      : num  0.0337 0.0939 0.0307 0.0243 0.
0496 0.0282 0.0009 0.0052 0.0257 0.0097 ...[] 
 []


Overfull \hbox (76.2434pt too wide) in paragraph at lines 225--225
[]\T1/lmtt/m/n/10 ##  $ prox_idx_health   : num  0.0082 0.0222 0.0099 0.0072 0.
0076 0.0045 0.0061 0.0112 0.0075 0.0058 ...[] 
 []


Overfull \hbox (70.99341pt too wide) in paragraph at lines 225--225
[]\T1/lmtt/m/n/10 ##  $ prox_idx_grocery  : num  0.0322 0.0663 0.0341 0.0447 0.
0365 0.0374 0.038 0.0341 0.0359 0.0363 ...[] 
 []


Overfull \hbox (76.2434pt too wide) in paragraph at lines 225--225
[]\T1/lmtt/m/n/10 ##  $ prox_idx_lib      : num  0.0666 0.0934 0.0641 0.0714 0.
0659 0.0778 0.0934 0.0814 0.0693 0.0778 ...[] 
 []


Overfull \hbox (28.99353pt too wide) in paragraph at lines 225--225
[]\T1/lmtt/m/n/10 ##  $ prox_idx_transit  : num  0.0056 0.0348 0.0054 0.0146 0.
0032 0.0076 NA NA 0.005 0.0088 ...[] 
 []

[2]
<Regression-Analysis-at-PHU-level_files/figure-latex/unnamed-chunk-1-1.pdf, id=
20, 469.755pt x 325.215pt>
File: Regression-Analysis-at-PHU-level_files/figure-latex/unnamed-chunk-1-1.pdf
 Graphic file (type pdf)
<use Regression-Analysis-at-PHU-level_files/figure-latex/unnamed-chunk-1-1.pdf>

Package pdftex.def Info: Regression-Analysis-at-PHU-level_files/figure-latex/un
named-chunk-1-1.pdf  used on input line 287.
(pdftex.def)             Requested size: 469.75386pt x 325.2142pt.
[3] [4 <./Regression-Analysis-at-PHU-level_files/figure-latex/unnamed-chunk-1-1
.pdf>] [5] [6] [7] [8] [9]
<Regression-Analysis-at-PHU-level_files/figure-latex/unnamed-chunk-4-1.pdf, id=
56, 469.755pt x 325.215pt>
File: Regression-Analysis-at-PHU-level_files/figure-latex/unnamed-chunk-4-1.pdf
 Graphic file (type pdf)
<use Regression-Analysis-at-PHU-level_files/figure-latex/unnamed-chunk-4-1.pdf>

Package pdftex.def Info: Regression-Analysis-at-PHU-level_files/figure-latex/un
named-chunk-4-1.pdf  used on input line 627.
(pdftex.def)             Requested size: 469.75386pt x 325.2142pt.
[10 <./Regression-Analysis-at-PHU-level_files/figure-latex/unnamed-chunk-4-1.pd
f>]
<Regression-Analysis-at-PHU-level_files/figure-latex/unnamed-chunk-5-1.pdf, id=
66, 469.755pt x 325.215pt>
File: Regression-Analysis-at-PHU-level_files/figure-latex/unnamed-chunk-5-1.pdf
 Graphic file (type pdf)
<use Regression-Analysis-at-PHU-level_files/figure-latex/unnamed-chunk-5-1.pdf>

Package pdftex.def Info: Regression-Analysis-at-PHU-level_files/figure-latex/un
named-chunk-5-1.pdf  used on input line 689.
(pdftex.def)             Requested size: 469.75386pt x 325.2142pt.
[11 <./Regression-Analysis-at-PHU-level_files/figure-latex/unnamed-chunk-5-1.pd
f>]
<Regression-Analysis-at-PHU-level_files/figure-latex/unnamed-chunk-5-2.pdf, id=
76, 469.755pt x 325.215pt>
File: Regression-Analysis-at-PHU-level_files/figure-latex/unnamed-chunk-5-2.pdf
 Graphic file (type pdf)
<use Regression-Analysis-at-PHU-level_files/figure-latex/unnamed-chunk-5-2.pdf>

Package pdftex.def Info: Regression-Analysis-at-PHU-level_files/figure-latex/un
named-chunk-5-2.pdf  used on input line 703.
(pdftex.def)             Requested size: 469.75386pt x 325.2142pt.
[12 <./Regression-Analysis-at-PHU-level_files/figure-latex/unnamed-chunk-5-2.pd
f>] [13]
<Regression-Analysis-at-PHU-level_files/figure-latex/unnamed-chunk-6-1.pdf, id=
91, 469.755pt x 325.215pt>
File: Regression-Analysis-at-PHU-level_files/figure-latex/unnamed-chunk-6-1.pdf
 Graphic file (type pdf)
<use Regression-Analysis-at-PHU-level_files/figure-latex/unnamed-chunk-6-1.pdf>

Package pdftex.def Info: Regression-Analysis-at-PHU-level_files/figure-latex/un
named-chunk-6-1.pdf  used on input line 801.
(pdftex.def)             Requested size: 469.75386pt x 325.2142pt.
<Regression-Analysis-at-PHU-level_files/figure-latex/unnamed-chunk-6-2.pdf, id=
92, 469.755pt x 325.215pt>
File: Regression-Analysis-at-PHU-level_files/figure-latex/unnamed-chunk-6-2.pdf
 Graphic file (type pdf)
<use Regression-Analysis-at-PHU-level_files/figure-latex/unnamed-chunk-6-2.pdf>

Package pdftex.def Info: Regression-Analysis-at-PHU-level_files/figure-latex/un
named-chunk-6-2.pdf  used on input line 802.
(pdftex.def)             Requested size: 469.75386pt x 325.2142pt.
<Regression-Analysis-at-PHU-level_files/figure-latex/unnamed-chunk-6-3.pdf, id=
93, 469.755pt x 325.215pt>
File: Regression-Analysis-at-PHU-level_files/figure-latex/unnamed-chunk-6-3.pdf
 Graphic file (type pdf)
<use Regression-Analysis-at-PHU-level_files/figure-latex/unnamed-chunk-6-3.pdf>

Package pdftex.def Info: Regression-Analysis-at-PHU-level_files/figure-latex/un
named-chunk-6-3.pdf  used on input line 803.
(pdftex.def)             Requested size: 469.75386pt x 325.2142pt.
<Regression-Analysis-at-PHU-level_files/figure-latex/unnamed-chunk-6-4.pdf, id=
94, 469.755pt x 325.215pt>
File: Regression-Analysis-at-PHU-level_files/figure-latex/unnamed-chunk-6-4.pdf
 Graphic file (type pdf)
<use Regression-Analysis-at-PHU-level_files/figure-latex/unnamed-chunk-6-4.pdf>

Package pdftex.def Info: Regression-Analysis-at-PHU-level_files/figure-latex/un
named-chunk-6-4.pdf  used on input line 804.
(pdftex.def)             Requested size: 469.75386pt x 325.2142pt.

Underfull \hbox (badness 10000) in paragraph at lines 801--805
[][]
 []


Underfull \hbox (badness 10000) in paragraph at lines 801--805
[]
 []


Underfull \hbox (badness 10000) in paragraph at lines 801--805
[]
 []

[14 <./Regression-Analysis-at-PHU-level_files/figure-latex/unnamed-chunk-6-1.pd
f>] [15 <./Regression-Analysis-at-PHU-level_files/figure-latex/unnamed-chunk-6-
2.pdf>] [16 <./Regression-Analysis-at-PHU-level_files/figure-latex/unnamed-chun
k-6-3.pdf>] [17 <./Regression-Analysis-at-PHU-level_files/figure-latex/unnamed-
chunk-6-4.pdf>]
<Regression-Analysis-at-PHU-level_files/figure-latex/unnamed-chunk-7-1.pdf, id=
131, 469.755pt x 325.215pt>
File: Regression-Analysis-at-PHU-level_files/figure-latex/unnamed-chunk-7-1.pdf
 Graphic file (type pdf)
<use Regression-Analysis-at-PHU-level_files/figure-latex/unnamed-chunk-7-1.pdf>

Package pdftex.def Info: Regression-Analysis-at-PHU-level_files/figure-latex/un
named-chunk-7-1.pdf  used on input line 865.
(pdftex.def)             Requested size: 469.75386pt x 325.2142pt.

Overfull \vbox (0.11763pt too high) detected at line 894
 []

[18 <./Regression-Analysis-at-PHU-level_files/figure-latex/unnamed-chunk-7-1.pd
f>]
<Regression-Analysis-at-PHU-level_files/figure-latex/unnamed-chunk-8-1.pdf, id=
146, 469.755pt x 325.215pt>
File: Regression-Analysis-at-PHU-level_files/figure-latex/unnamed-chunk-8-1.pdf
 Graphic file (type pdf)
<use Regression-Analysis-at-PHU-level_files/figure-latex/unnamed-chunk-8-1.pdf>

Package pdftex.def Info: Regression-Analysis-at-PHU-level_files/figure-latex/un
named-chunk-8-1.pdf  used on input line 912.
(pdftex.def)             Requested size: 469.75386pt x 325.2142pt.
[19] [20 <./Regression-Analysis-at-PHU-level_files/figure-latex/unnamed-chunk-8
-1.pdf>]
<Regression-Analysis-at-PHU-level_files/figure-latex/unnamed-chunk-9-1.pdf, id=
162, 469.755pt x 325.215pt>
File: Regression-Analysis-at-PHU-level_files/figure-latex/unnamed-chunk-9-1.pdf
 Graphic file (type pdf)
<use Regression-Analysis-at-PHU-level_files/figure-latex/unnamed-chunk-9-1.pdf>

Package pdftex.def Info: Regression-Analysis-at-PHU-level_files/figure-latex/un
named-chunk-9-1.pdf  used on input line 963.
(pdftex.def)             Requested size: 469.75386pt x 325.2142pt.
<Regression-Analysis-at-PHU-level_files/figure-latex/unnamed-chunk-9-2.pdf, id=
163, 469.755pt x 325.215pt>
File: Regression-Analysis-at-PHU-level_files/figure-latex/unnamed-chunk-9-2.pdf
 Graphic file (type pdf)
<use Regression-Analysis-at-PHU-level_files/figure-latex/unnamed-chunk-9-2.pdf>

Package pdftex.def Info: Regression-Analysis-at-PHU-level_files/figure-latex/un
named-chunk-9-2.pdf  used on input line 980.
(pdftex.def)             Requested size: 469.75386pt x 325.2142pt.
[21 <./Regression-Analysis-at-PHU-level_files/figure-latex/unnamed-chunk-9-1.pd
f>]

! Package inputenc Error: Unicode character − (U+2212)
(inputenc)                not set up for use with LaTeX.

See the inputenc package documentation for explanation.
Type  H <return>  for immediate help.
 ...                                              
                                                  
l.990 ...mple size (Smithson and Verkuilen 2006).}
                                                   
Here is how much of TeX's memory you used:
 10564 strings out of 482530
 155902 string characters out of 5950247
 410023 words of memory out of 5000000
 26041 multiletter control sequences out of 15000+600000
 547172 words of font info for 33 fonts, out of 8000000 for 9000
 14 hyphenation exceptions out of 8191
 34i,6n,34p,792b,459s stack positions out of 5000i,500n,10000p,200000b,80000s

!  ==> Fatal error occurred, no output PDF file produced!
